<?xml version="1.0" encoding="UTF-8"?>
<testng-results skipped="0" failed="0" ignored="0" total="1" passed="1">
  <reporter-output>
  </reporter-output>
  <suite name="Command line suite" duration-ms="84" started-at="2019-11-20T18:07:57Z" finished-at="2019-11-20T18:07:57Z">
    <groups>
    </groups>
    <test name="Command line test" duration-ms="84" started-at="2019-11-20T18:07:57Z" finished-at="2019-11-20T18:07:57Z">
      <class name="Cucumber.Automation.AppTest">
        <test-method status="PASS" signature="testApp()" name="testApp" duration-ms="32" started-at="2019-11-20T23:37:57Z" finished-at="2019-11-20T23:37:57Z">
          <reporter-output>
          </reporter-output>
        </test-method> <!-- testApp -->
      </class> <!-- Cucumber.Automation.AppTest -->
    </test> <!-- Command line test -->
  </suite> <!-- Command line suite -->
</testng-results>
