<?xml version="1.0" encoding="UTF-8"?>
<testng-results skipped="0" failed="0" ignored="0" total="1" passed="1">
  <reporter-output>
  </reporter-output>
  <suite name="Default suite" duration-ms="335993" started-at="2019-11-30T11:41:19Z" finished-at="2019-11-30T11:46:55Z">
    <groups>
      <group name="cucumber">
        <method signature="AbstractTestNGCucumberTests.feature(cucumber.api.testng.CucumberFeatureWrapper)[pri:0, instance:cucumberOptions.TestRunner@4b9e13df]" name="feature" class="cucumber.api.testng.AbstractTestNGCucumberTests"/>
      </group> <!-- cucumber -->
    </groups>
    <test name="Default test" duration-ms="335993" started-at="2019-11-30T11:41:19Z" finished-at="2019-11-30T11:46:55Z">
      <class name="cucumberOptions.TestRunner">
        <test-method status="PASS" signature="setUpClass()[pri:0, instance:cucumberOptions.TestRunner@4b9e13df]" name="setUpClass" is-config="true" duration-ms="252" started-at="2019-11-30T17:11:19Z" finished-at="2019-11-30T17:11:20Z">
          <reporter-output>
          </reporter-output>
        </test-method> <!-- setUpClass -->
        <test-method status="PASS" signature="feature(cucumber.api.testng.CucumberFeatureWrapper)[pri:0, instance:cucumberOptions.TestRunner@4b9e13df]" name="feature" duration-ms="335562" started-at="2019-11-30T17:11:20Z" description="Runs Cucumber Feature" data-provider="features" finished-at="2019-11-30T17:16:55Z">
          <params>
            <param index="0">
              <value>
                <![CDATA[Hyperlinks verification in Documentation page]]>
              </value>
            </param>
          </params>
          <reporter-output>
          </reporter-output>
        </test-method> <!-- feature -->
        <test-method status="PASS" signature="tearDownClass()[pri:0, instance:cucumberOptions.TestRunner@4b9e13df]" name="tearDownClass" is-config="true" duration-ms="85" started-at="2019-11-30T17:16:55Z" finished-at="2019-11-30T17:16:55Z">
          <reporter-output>
          </reporter-output>
        </test-method> <!-- tearDownClass -->
      </class> <!-- cucumberOptions.TestRunner -->
    </test> <!-- Default test -->
  </suite> <!-- Default suite -->
</testng-results>
